0 info it worked if it ends with ok
1 verbose cli [ 'C:\\Program Files\\nodejs\\node.exe',
1 verbose cli   'C:\\Program Files\\nodejs\\node_modules\\npm\\bin\\npm-cli.js',
1 verbose cli   'publish' ]
2 info using npm@3.10.10
3 info using node@v6.10.0
4 verbose publish [ '.' ]
5 silly cache add args [ '.', null ]
6 verbose cache add spec .
7 silly cache add parsed spec Result {
7 silly cache add   raw: '.',
7 silly cache add   scope: null,
7 silly cache add   escapedName: null,
7 silly cache add   name: null,
7 silly cache add   rawSpec: '.',
7 silly cache add   spec: 'C:\\Users\\jxsh08.DESKTOP-361U268\\campaign\\core',
7 silly cache add   type: 'directory' }
8 verbose addLocalDirectory C:\Users\jxsh08.DESKTOP-361U268\AppData\Roaming\npm-cache\campaign.core\0.0.1-2\package.tgz not in flight; packing
9 verbose correctMkdir C:\Users\jxsh08.DESKTOP-361U268\AppData\Roaming\npm-cache correctMkdir not in flight; initializing
10 info lifecycle campaign.core@0.0.1-2~prepublish: campaign.core@0.0.1-2
11 silly lifecycle campaign.core@0.0.1-2~prepublish: no script for prepublish, continuing
12 verbose tar pack [ 'C:\\Users\\jxsh08.DESKTOP-361U268\\AppData\\Roaming\\npm-cache\\campaign.core\\0.0.1-2\\package.tgz',
12 verbose tar pack   'C:\\Users\\jxsh08.DESKTOP-361U268\\campaign\\core' ]
13 verbose tarball C:\Users\jxsh08.DESKTOP-361U268\AppData\Roaming\npm-cache\campaign.core\0.0.1-2\package.tgz
14 verbose folder C:\Users\jxsh08.DESKTOP-361U268\campaign\core
15 verbose addLocalTarball adding from inside cache C:\Users\jxsh08.DESKTOP-361U268\AppData\Roaming\npm-cache\campaign.core\0.0.1-2\package.tgz
16 verbose correctMkdir C:\Users\jxsh08.DESKTOP-361U268\AppData\Roaming\npm-cache correctMkdir not in flight; initializing
17 silly cache afterAdd campaign.core@0.0.1-2
18 verbose afterAdd C:\Users\jxsh08.DESKTOP-361U268\AppData\Roaming\npm-cache\campaign.core\0.0.1-2\package\package.json not in flight; writing
19 verbose correctMkdir C:\Users\jxsh08.DESKTOP-361U268\AppData\Roaming\npm-cache correctMkdir not in flight; initializing
20 verbose afterAdd C:\Users\jxsh08.DESKTOP-361U268\AppData\Roaming\npm-cache\campaign.core\0.0.1-2\package\package.json written
21 silly publish { name: 'campaign.core',
21 silly publish   version: '0.0.1-2',
21 silly publish   description: 'swagger client for campaign.core',
21 silly publish   author: { name: 'Swagger Codegen Contributors' },
21 silly publish   keywords: [ 'swagger-client' ],
21 silly publish   license: 'Apache-2.0',
21 silly publish   main: 'dist/index.js',
21 silly publish   typings: 'dist/index.d.ts',
21 silly publish   scripts:
21 silly publish    { build: 'typings install && tsc --outDir dist/',
21 silly publish      postinstall: 'npm run build' },
21 silly publish   peerDependencies:
21 silly publish    { '@angular/core': '^2.0.0-rc.5',
21 silly publish      '@angular/http': '^2.0.0-rc.5',
21 silly publish      '@angular/common': '^2.0.0-rc.5',
21 silly publish      '@angular/compiler': '^2.0.0-rc.5',
21 silly publish      'core-js': '^2.4.0',
21 silly publish      'reflect-metadata': '^0.1.3',
21 silly publish      rxjs: '5.0.0-beta.6',
21 silly publish      'zone.js': '^0.6.17' },
21 silly publish   devDependencies:
21 silly publish    { '@angular/core': '^2.0.0-rc.5',
21 silly publish      '@angular/http': '^2.0.0-rc.5',
21 silly publish      '@angular/common': '^2.0.0-rc.5',
21 silly publish      '@angular/compiler': '^2.0.0-rc.5',
21 silly publish      '@angular/platform-browser': '^2.0.0-rc.5',
21 silly publish      'core-js': '^2.4.0',
21 silly publish      'reflect-metadata': '^0.1.3',
21 silly publish      rxjs: '5.0.0-beta.6',
21 silly publish      'zone.js': '^0.6.17',
21 silly publish      typescript: '^1.8.10',
21 silly publish      typings: '^1.3.2' },
21 silly publish   publishConfig: { registry: 'https://github.com/seven1986/campaign' },
21 silly publish   readme: '## campaign.core@0.0.1\n\n### Building\n\nTo build an compile the typescript sources to javascript use:\n```\nnpm install\nnpm run build\n```\n\n### publishing\n\nFirst build the package than run ```npm publish```\n\n### consuming\n\nnavigate to the folder of your consuming project and run one of next commando\'s.\n\n_published:_\n\n```\nnpm install campaign.core@0.0.1 --save\n```\n\n_unPublished (not recommended):_\n\n```\nnpm install PATH_TO_GENERATED_PACKAGE --save\n```\n\nIn your angular2 project:\n\nTODO: paste example.\n\n### Set service base path\nIf different than the generated base path, during app bootstrap, you can provide the base path to your service. \n\n```\nimport { BASE_PATH } from \'./path-to-swagger-gen-service/index\';\n\nbootstrap(AppComponent, [\n    { provide: BASE_PATH, useValue: \'https://your-web-service.com\' },\n]);\n```  ',
21 silly publish   readmeFilename: 'README.md',
21 silly publish   _id: 'campaign.core@0.0.1-2',
21 silly publish   _shasum: '2cf8ceb67d430de19e1a1a15e11d2378bd269802',
21 silly publish   _from: '.' }
22 verbose getPublishConfig { registry: 'https://github.com/seven1986/campaign' }
23 silly mapToRegistry name campaign.core
24 silly mapToRegistry using default registry
25 silly mapToRegistry registry https://github.com/seven1986/campaign
26 silly mapToRegistry data Result {
26 silly mapToRegistry   raw: 'campaign.core',
26 silly mapToRegistry   scope: null,
26 silly mapToRegistry   escapedName: 'campaign.core',
26 silly mapToRegistry   name: 'campaign.core',
26 silly mapToRegistry   rawSpec: '',
26 silly mapToRegistry   spec: 'latest',
26 silly mapToRegistry   type: 'tag' }
27 silly mapToRegistry uri https://github.com/seven1986/campaign/campaign.core
28 verbose publish registryBase https://github.com/seven1986/campaign/
29 silly publish uploading C:\Users\jxsh08.DESKTOP-361U268\AppData\Roaming\npm-cache\campaign.core\0.0.1-2\package.tgz
30 verbose stack Error: auth required for publishing
30 verbose stack     at CachingRegistryClient.publish (C:\Program Files\nodejs\node_modules\npm\node_modules\npm-registry-client\lib\publish.js:30:14)
30 verbose stack     at C:\Program Files\nodejs\node_modules\npm\lib\publish.js:138:14
30 verbose stack     at mapToRegistry (C:\Program Files\nodejs\node_modules\npm\lib\utils\map-to-registry.js:62:3)
30 verbose stack     at publish_ (C:\Program Files\nodejs\node_modules\npm\lib\publish.js:107:3)
30 verbose stack     at Array.<anonymous> (C:\Program Files\nodejs\node_modules\npm\node_modules\slide\lib\bind-actor.js:15:8)
30 verbose stack     at LOOP (C:\Program Files\nodejs\node_modules\npm\node_modules\slide\lib\chain.js:15:14)
30 verbose stack     at LOOP (C:\Program Files\nodejs\node_modules\npm\node_modules\slide\lib\chain.js:14:28)
30 verbose stack     at chain (C:\Program Files\nodejs\node_modules\npm\node_modules\slide\lib\chain.js:20:5)
30 verbose stack     at C:\Program Files\nodejs\node_modules\npm\lib\publish.js:73:5
30 verbose stack     at RES (C:\Program Files\nodejs\node_modules\npm\node_modules\inflight\inflight.js:23:14)
31 verbose cwd C:\Users\jxsh08.DESKTOP-361U268\campaign\core
32 error Windows_NT 10.0.15063
33 error argv "C:\\Program Files\\nodejs\\node.exe" "C:\\Program Files\\nodejs\\node_modules\\npm\\bin\\npm-cli.js" "publish"
34 error node v6.10.0
35 error npm  v3.10.10
36 error code ENEEDAUTH
37 error need auth auth required for publishing
38 error need auth You need to authorize this machine using `npm adduser`
39 verbose exit [ 1, true ]
