D:\github\campaign\campaign.core\core\lib\configuration.js
D:\github\campaign\campaign.core\core\lib\configuration.js.map
D:\github\campaign\campaign.core\core\lib\configuration.d.ts
D:\github\campaign\campaign.core\core\lib\model\BoolResult.js
D:\github\campaign\campaign.core\core\lib\model\BoolResult.js.map
D:\github\campaign\campaign.core\core\lib\model\BoolResult.d.ts
D:\github\campaign\campaign.core\core\lib\model\CommentModel.js
D:\github\campaign\campaign.core\core\lib\model\CommentModel.js.map
D:\github\campaign\campaign.core\core\lib\model\CommentModel.d.ts
D:\github\campaign\campaign.core\core\lib\model\FaceComparison.js
D:\github\campaign\campaign.core\core\lib\model\FaceComparison.js.map
D:\github\campaign\campaign.core\core\lib\model\FaceComparison.d.ts
D:\github\campaign\campaign.core\core\lib\model\GeneralRankingModel.js
D:\github\campaign\campaign.core\core\lib\model\GeneralRankingModel.js.map
D:\github\campaign\campaign.core\core\lib\model\GeneralRankingModel.d.ts
D:\github\campaign\campaign.core\core\lib\model\IntResult.js
D:\github\campaign\campaign.core\core\lib\model\IntResult.js.map
D:\github\campaign\campaign.core\core\lib\model\IntResult.d.ts
D:\github\campaign\campaign.core\core\lib\model\PagingResultCommentModel.js
D:\github\campaign\campaign.core\core\lib\model\PagingResultCommentModel.js.map
D:\github\campaign\campaign.core\core\lib\model\PagingResultCommentModel.d.ts
D:\github\campaign\campaign.core\core\lib\model\PagingResultFaceComparison.js
D:\github\campaign\campaign.core\core\lib\model\PagingResultFaceComparison.js.map
D:\github\campaign\campaign.core\core\lib\model\PagingResultFaceComparison.d.ts
D:\github\campaign\campaign.core\core\lib\model\PagingResultGeneralRankingModel.js
D:\github\campaign\campaign.core\core\lib\model\PagingResultGeneralRankingModel.js.map
D:\github\campaign\campaign.core\core\lib\model\PagingResultGeneralRankingModel.d.ts
D:\github\campaign\campaign.core\core\lib\model\StatisticDataEntity.js
D:\github\campaign\campaign.core\core\lib\model\StatisticDataEntity.js.map
D:\github\campaign\campaign.core\core\lib\model\StatisticDataEntity.d.ts
D:\github\campaign\campaign.core\core\lib\model\WechatCustomShare.js
D:\github\campaign\campaign.core\core\lib\model\WechatCustomShare.js.map
D:\github\campaign\campaign.core\core\lib\model\WechatCustomShare.d.ts
D:\github\campaign\campaign.core\core\lib\model\WechatUserInfo.js
D:\github\campaign\campaign.core\core\lib\model\WechatUserInfo.js.map
D:\github\campaign\campaign.core\core\lib\model\WechatUserInfo.d.ts
D:\github\campaign\campaign.core\core\lib\model\models.js
D:\github\campaign\campaign.core\core\lib\model\models.js.map
D:\github\campaign\campaign.core\core\lib\model\models.d.ts
D:\github\campaign\campaign.core\core\lib\variables.js
D:\github\campaign\campaign.core\core\lib\variables.js.map
D:\github\campaign\campaign.core\core\lib\variables.d.ts
D:\github\campaign\campaign.core\core\lib\api\CampaignCoreApi.js
D:\github\campaign\campaign.core\core\lib\api\CampaignCoreApi.js.map
D:\github\campaign\campaign.core\core\lib\api\CampaignCoreApi.d.ts
D:\github\campaign\campaign.core\core\lib\api\api.js
D:\github\campaign\campaign.core\core\lib\api\api.js.map
D:\github\campaign\campaign.core\core\lib\api\api.d.ts
D:\github\campaign\campaign.core\core\lib\index.js
D:\github\campaign\campaign.core\core\lib\index.js.map
D:\github\campaign\campaign.core\core\lib\index.d.ts
D:\github\campaign\campaign.core\core\lib\configuration.js
D:\github\campaign\campaign.core\core\lib\configuration.js.map
D:\github\campaign\campaign.core\core\lib\configuration.d.ts
D:\github\campaign\campaign.core\core\lib\model\BoolResult.js
D:\github\campaign\campaign.core\core\lib\model\BoolResult.js.map
D:\github\campaign\campaign.core\core\lib\model\BoolResult.d.ts
D:\github\campaign\campaign.core\core\lib\model\CommentModel.js
D:\github\campaign\campaign.core\core\lib\model\CommentModel.js.map
D:\github\campaign\campaign.core\core\lib\model\CommentModel.d.ts
D:\github\campaign\campaign.core\core\lib\model\FaceComparison.js
D:\github\campaign\campaign.core\core\lib\model\FaceComparison.js.map
D:\github\campaign\campaign.core\core\lib\model\FaceComparison.d.ts
D:\github\campaign\campaign.core\core\lib\model\GeneralRankingModel.js
D:\github\campaign\campaign.core\core\lib\model\GeneralRankingModel.js.map
D:\github\campaign\campaign.core\core\lib\model\GeneralRankingModel.d.ts
D:\github\campaign\campaign.core\core\lib\model\IntResult.js
D:\github\campaign\campaign.core\core\lib\model\IntResult.js.map
D:\github\campaign\campaign.core\core\lib\model\IntResult.d.ts
D:\github\campaign\campaign.core\core\lib\model\PagingResultCommentModel.js
D:\github\campaign\campaign.core\core\lib\model\PagingResultCommentModel.js.map
D:\github\campaign\campaign.core\core\lib\model\PagingResultCommentModel.d.ts
D:\github\campaign\campaign.core\core\lib\model\PagingResultFaceComparison.js
D:\github\campaign\campaign.core\core\lib\model\PagingResultFaceComparison.js.map
D:\github\campaign\campaign.core\core\lib\model\PagingResultFaceComparison.d.ts
D:\github\campaign\campaign.core\core\lib\model\PagingResultGeneralRankingModel.js
D:\github\campaign\campaign.core\core\lib\model\PagingResultGeneralRankingModel.js.map
D:\github\campaign\campaign.core\core\lib\model\PagingResultGeneralRankingModel.d.ts
D:\github\campaign\campaign.core\core\lib\model\StatisticDataEntity.js
D:\github\campaign\campaign.core\core\lib\model\StatisticDataEntity.js.map
D:\github\campaign\campaign.core\core\lib\model\StatisticDataEntity.d.ts
D:\github\campaign\campaign.core\core\lib\model\WechatCustomShare.js
D:\github\campaign\campaign.core\core\lib\model\WechatCustomShare.js.map
D:\github\campaign\campaign.core\core\lib\model\WechatCustomShare.d.ts
D:\github\campaign\campaign.core\core\lib\model\WechatUserInfo.js
D:\github\campaign\campaign.core\core\lib\model\WechatUserInfo.js.map
D:\github\campaign\campaign.core\core\lib\model\WechatUserInfo.d.ts
D:\github\campaign\campaign.core\core\lib\model\models.js
D:\github\campaign\campaign.core\core\lib\model\models.js.map
D:\github\campaign\campaign.core\core\lib\model\models.d.ts
D:\github\campaign\campaign.core\core\lib\variables.js
D:\github\campaign\campaign.core\core\lib\variables.js.map
D:\github\campaign\campaign.core\core\lib\variables.d.ts
D:\github\campaign\campaign.core\core\lib\api\CampaignCoreApi.js
D:\github\campaign\campaign.core\core\lib\api\CampaignCoreApi.js.map
D:\github\campaign\campaign.core\core\lib\api\CampaignCoreApi.d.ts
D:\github\campaign\campaign.core\core\lib\api\api.js
D:\github\campaign\campaign.core\core\lib\api\api.js.map
D:\github\campaign\campaign.core\core\lib\api\api.d.ts
D:\github\campaign\campaign.core\core\lib\index.js
D:\github\campaign\campaign.core\core\lib\index.js.map
D:\github\campaign\campaign.core\core\lib\index.d.ts
D:\github\campaign\campaign.core\core\lib\configuration.js
D:\github\campaign\campaign.core\core\lib\configuration.js.map
D:\github\campaign\campaign.core\core\lib\configuration.d.ts
D:\github\campaign\campaign.core\core\lib\model\BoolResult.js
D:\github\campaign\campaign.core\core\lib\model\BoolResult.js.map
D:\github\campaign\campaign.core\core\lib\model\BoolResult.d.ts
D:\github\campaign\campaign.core\core\lib\model\CommentModel.js
D:\github\campaign\campaign.core\core\lib\model\CommentModel.js.map
D:\github\campaign\campaign.core\core\lib\model\CommentModel.d.ts
D:\github\campaign\campaign.core\core\lib\model\FaceComparison.js
D:\github\campaign\campaign.core\core\lib\model\FaceComparison.js.map
D:\github\campaign\campaign.core\core\lib\model\FaceComparison.d.ts
D:\github\campaign\campaign.core\core\lib\model\GeneralRankingModel.js
D:\github\campaign\campaign.core\core\lib\model\GeneralRankingModel.js.map
D:\github\campaign\campaign.core\core\lib\model\GeneralRankingModel.d.ts
D:\github\campaign\campaign.core\core\lib\model\IntResult.js
D:\github\campaign\campaign.core\core\lib\model\IntResult.js.map
D:\github\campaign\campaign.core\core\lib\model\IntResult.d.ts
D:\github\campaign\campaign.core\core\lib\model\PagingResultCommentModel.js
D:\github\campaign\campaign.core\core\lib\model\PagingResultCommentModel.js.map
D:\github\campaign\campaign.core\core\lib\model\PagingResultCommentModel.d.ts
D:\github\campaign\campaign.core\core\lib\model\PagingResultFaceComparison.js
D:\github\campaign\campaign.core\core\lib\model\PagingResultFaceComparison.js.map
D:\github\campaign\campaign.core\core\lib\model\PagingResultFaceComparison.d.ts
D:\github\campaign\campaign.core\core\lib\model\PagingResultGeneralRankingModel.js
D:\github\campaign\campaign.core\core\lib\model\PagingResultGeneralRankingModel.js.map
D:\github\campaign\campaign.core\core\lib\model\PagingResultGeneralRankingModel.d.ts
D:\github\campaign\campaign.core\core\lib\model\StatisticDataEntity.js
D:\github\campaign\campaign.core\core\lib\model\StatisticDataEntity.js.map
D:\github\campaign\campaign.core\core\lib\model\StatisticDataEntity.d.ts
D:\github\campaign\campaign.core\core\lib\model\WechatCustomShare.js
D:\github\campaign\campaign.core\core\lib\model\WechatCustomShare.js.map
D:\github\campaign\campaign.core\core\lib\model\WechatCustomShare.d.ts
D:\github\campaign\campaign.core\core\lib\model\WechatUserInfo.js
D:\github\campaign\campaign.core\core\lib\model\WechatUserInfo.js.map
D:\github\campaign\campaign.core\core\lib\model\WechatUserInfo.d.ts
D:\github\campaign\campaign.core\core\lib\model\models.js
D:\github\campaign\campaign.core\core\lib\model\models.js.map
D:\github\campaign\campaign.core\core\lib\model\models.d.ts
D:\github\campaign\campaign.core\core\lib\variables.js
D:\github\campaign\campaign.core\core\lib\variables.js.map
D:\github\campaign\campaign.core\core\lib\variables.d.ts
D:\github\campaign\campaign.core\core\lib\api\CampaignCoreApi.js
D:\github\campaign\campaign.core\core\lib\api\CampaignCoreApi.js.map
D:\github\campaign\campaign.core\core\lib\api\CampaignCoreApi.d.ts
D:\github\campaign\campaign.core\core\lib\api\api.js
D:\github\campaign\campaign.core\core\lib\api\api.js.map
D:\github\campaign\campaign.core\core\lib\api\api.d.ts
D:\github\campaign\campaign.core\core\lib\index.js
D:\github\campaign\campaign.core\core\lib\index.js.map
D:\github\campaign\campaign.core\core\lib\index.d.ts
D:\github\campaign\campaign.core\core\lib\configuration.js
D:\github\campaign\campaign.core\core\lib\configuration.js.map
D:\github\campaign\campaign.core\core\lib\configuration.d.ts
D:\github\campaign\campaign.core\core\lib\model\BoolResult.js
D:\github\campaign\campaign.core\core\lib\model\BoolResult.js.map
D:\github\campaign\campaign.core\core\lib\model\BoolResult.d.ts
D:\github\campaign\campaign.core\core\lib\model\CommentModel.js
D:\github\campaign\campaign.core\core\lib\model\CommentModel.js.map
D:\github\campaign\campaign.core\core\lib\model\CommentModel.d.ts
D:\github\campaign\campaign.core\core\lib\model\FaceComparison.js
D:\github\campaign\campaign.core\core\lib\model\FaceComparison.js.map
D:\github\campaign\campaign.core\core\lib\model\FaceComparison.d.ts
D:\github\campaign\campaign.core\core\lib\model\GeneralRankingModel.js
D:\github\campaign\campaign.core\core\lib\model\GeneralRankingModel.js.map
D:\github\campaign\campaign.core\core\lib\model\GeneralRankingModel.d.ts
D:\github\campaign\campaign.core\core\lib\model\IntResult.js
D:\github\campaign\campaign.core\core\lib\model\IntResult.js.map
D:\github\campaign\campaign.core\core\lib\model\IntResult.d.ts
D:\github\campaign\campaign.core\core\lib\model\PagingResultCommentModel.js
D:\github\campaign\campaign.core\core\lib\model\PagingResultCommentModel.js.map
D:\github\campaign\campaign.core\core\lib\model\PagingResultCommentModel.d.ts
D:\github\campaign\campaign.core\core\lib\model\PagingResultFaceComparison.js
D:\github\campaign\campaign.core\core\lib\model\PagingResultFaceComparison.js.map
D:\github\campaign\campaign.core\core\lib\model\PagingResultFaceComparison.d.ts
D:\github\campaign\campaign.core\core\lib\model\PagingResultGeneralRankingModel.js
D:\github\campaign\campaign.core\core\lib\model\PagingResultGeneralRankingModel.js.map
D:\github\campaign\campaign.core\core\lib\model\PagingResultGeneralRankingModel.d.ts
D:\github\campaign\campaign.core\core\lib\model\StatisticDataEntity.js
D:\github\campaign\campaign.core\core\lib\model\StatisticDataEntity.js.map
D:\github\campaign\campaign.core\core\lib\model\StatisticDataEntity.d.ts
D:\github\campaign\campaign.core\core\lib\model\WechatCustomShare.js
D:\github\campaign\campaign.core\core\lib\model\WechatCustomShare.js.map
D:\github\campaign\campaign.core\core\lib\model\WechatCustomShare.d.ts
D:\github\campaign\campaign.core\core\lib\model\WechatUserInfo.js
D:\github\campaign\campaign.core\core\lib\model\WechatUserInfo.js.map
D:\github\campaign\campaign.core\core\lib\model\WechatUserInfo.d.ts
D:\github\campaign\campaign.core\core\lib\model\models.js
D:\github\campaign\campaign.core\core\lib\model\models.js.map
D:\github\campaign\campaign.core\core\lib\model\models.d.ts
D:\github\campaign\campaign.core\core\lib\variables.js
D:\github\campaign\campaign.core\core\lib\variables.js.map
D:\github\campaign\campaign.core\core\lib\variables.d.ts
D:\github\campaign\campaign.core\core\lib\api\CampaignCoreApi.js
D:\github\campaign\campaign.core\core\lib\api\CampaignCoreApi.js.map
D:\github\campaign\campaign.core\core\lib\api\CampaignCoreApi.d.ts
D:\github\campaign\campaign.core\core\lib\api\api.js
D:\github\campaign\campaign.core\core\lib\api\api.js.map
D:\github\campaign\campaign.core\core\lib\api\api.d.ts
D:\github\campaign\campaign.core\core\lib\index.js
D:\github\campaign\campaign.core\core\lib\index.js.map
D:\github\campaign\campaign.core\core\lib\index.d.ts
D:\github\campaign\campaign.core\core\lib\configuration.js
D:\github\campaign\campaign.core\core\lib\configuration.js.map
D:\github\campaign\campaign.core\core\lib\configuration.d.ts
D:\github\campaign\campaign.core\core\lib\model\BoolResult.js
D:\github\campaign\campaign.core\core\lib\model\BoolResult.js.map
D:\github\campaign\campaign.core\core\lib\model\BoolResult.d.ts
D:\github\campaign\campaign.core\core\lib\model\CommentModel.js
D:\github\campaign\campaign.core\core\lib\model\CommentModel.js.map
D:\github\campaign\campaign.core\core\lib\model\CommentModel.d.ts
D:\github\campaign\campaign.core\core\lib\model\FaceComparison.js
D:\github\campaign\campaign.core\core\lib\model\FaceComparison.js.map
D:\github\campaign\campaign.core\core\lib\model\FaceComparison.d.ts
D:\github\campaign\campaign.core\core\lib\model\GeneralRankingModel.js
D:\github\campaign\campaign.core\core\lib\model\GeneralRankingModel.js.map
D:\github\campaign\campaign.core\core\lib\model\GeneralRankingModel.d.ts
D:\github\campaign\campaign.core\core\lib\model\IntResult.js
D:\github\campaign\campaign.core\core\lib\model\IntResult.js.map
D:\github\campaign\campaign.core\core\lib\model\IntResult.d.ts
D:\github\campaign\campaign.core\core\lib\model\PagingResultCommentModel.js
D:\github\campaign\campaign.core\core\lib\model\PagingResultCommentModel.js.map
D:\github\campaign\campaign.core\core\lib\model\PagingResultCommentModel.d.ts
D:\github\campaign\campaign.core\core\lib\model\PagingResultFaceComparison.js
D:\github\campaign\campaign.core\core\lib\model\PagingResultFaceComparison.js.map
D:\github\campaign\campaign.core\core\lib\model\PagingResultFaceComparison.d.ts
D:\github\campaign\campaign.core\core\lib\model\PagingResultGeneralRankingModel.js
D:\github\campaign\campaign.core\core\lib\model\PagingResultGeneralRankingModel.js.map
D:\github\campaign\campaign.core\core\lib\model\PagingResultGeneralRankingModel.d.ts
D:\github\campaign\campaign.core\core\lib\model\StatisticDataEntity.js
D:\github\campaign\campaign.core\core\lib\model\StatisticDataEntity.js.map
D:\github\campaign\campaign.core\core\lib\model\StatisticDataEntity.d.ts
D:\github\campaign\campaign.core\core\lib\model\WechatCustomShare.js
D:\github\campaign\campaign.core\core\lib\model\WechatCustomShare.js.map
D:\github\campaign\campaign.core\core\lib\model\WechatCustomShare.d.ts
D:\github\campaign\campaign.core\core\lib\model\WechatUserInfo.js
D:\github\campaign\campaign.core\core\lib\model\WechatUserInfo.js.map
D:\github\campaign\campaign.core\core\lib\model\WechatUserInfo.d.ts
D:\github\campaign\campaign.core\core\lib\model\models.js
D:\github\campaign\campaign.core\core\lib\model\models.js.map
D:\github\campaign\campaign.core\core\lib\model\models.d.ts
D:\github\campaign\campaign.core\core\lib\variables.js
D:\github\campaign\campaign.core\core\lib\variables.js.map
D:\github\campaign\campaign.core\core\lib\variables.d.ts
D:\github\campaign\campaign.core\core\lib\api\CampaignCoreApi.js
D:\github\campaign\campaign.core\core\lib\api\CampaignCoreApi.js.map
D:\github\campaign\campaign.core\core\lib\api\CampaignCoreApi.d.ts
D:\github\campaign\campaign.core\core\lib\api\api.js
D:\github\campaign\campaign.core\core\lib\api\api.js.map
D:\github\campaign\campaign.core\core\lib\api\api.d.ts
D:\github\campaign\campaign.core\core\lib\index.js
D:\github\campaign\campaign.core\core\lib\index.js.map
D:\github\campaign\campaign.core\core\lib\index.d.ts
D:\github\campaign\campaign.core\core\lib\configuration.js
D:\github\campaign\campaign.core\core\lib\configuration.js.map
D:\github\campaign\campaign.core\core\lib\configuration.d.ts
D:\github\campaign\campaign.core\core\lib\model\BoolResult.js
D:\github\campaign\campaign.core\core\lib\model\BoolResult.js.map
D:\github\campaign\campaign.core\core\lib\model\BoolResult.d.ts
D:\github\campaign\campaign.core\core\lib\model\CommentModel.js
D:\github\campaign\campaign.core\core\lib\model\CommentModel.js.map
D:\github\campaign\campaign.core\core\lib\model\CommentModel.d.ts
D:\github\campaign\campaign.core\core\lib\model\FaceComparison.js
D:\github\campaign\campaign.core\core\lib\model\FaceComparison.js.map
D:\github\campaign\campaign.core\core\lib\model\FaceComparison.d.ts
D:\github\campaign\campaign.core\core\lib\model\GeneralRankingModel.js
D:\github\campaign\campaign.core\core\lib\model\GeneralRankingModel.js.map
D:\github\campaign\campaign.core\core\lib\model\GeneralRankingModel.d.ts
D:\github\campaign\campaign.core\core\lib\model\IntResult.js
D:\github\campaign\campaign.core\core\lib\model\IntResult.js.map
D:\github\campaign\campaign.core\core\lib\model\IntResult.d.ts
D:\github\campaign\campaign.core\core\lib\model\PagingResultCommentModel.js
D:\github\campaign\campaign.core\core\lib\model\PagingResultCommentModel.js.map
D:\github\campaign\campaign.core\core\lib\model\PagingResultCommentModel.d.ts
D:\github\campaign\campaign.core\core\lib\model\PagingResultFaceComparison.js
D:\github\campaign\campaign.core\core\lib\model\PagingResultFaceComparison.js.map
D:\github\campaign\campaign.core\core\lib\model\PagingResultFaceComparison.d.ts
D:\github\campaign\campaign.core\core\lib\model\PagingResultGeneralRankingModel.js
D:\github\campaign\campaign.core\core\lib\model\PagingResultGeneralRankingModel.js.map
D:\github\campaign\campaign.core\core\lib\model\PagingResultGeneralRankingModel.d.ts
D:\github\campaign\campaign.core\core\lib\model\StatisticDataEntity.js
D:\github\campaign\campaign.core\core\lib\model\StatisticDataEntity.js.map
D:\github\campaign\campaign.core\core\lib\model\StatisticDataEntity.d.ts
D:\github\campaign\campaign.core\core\lib\model\WechatCustomShare.js
D:\github\campaign\campaign.core\core\lib\model\WechatCustomShare.js.map
D:\github\campaign\campaign.core\core\lib\model\WechatCustomShare.d.ts
D:\github\campaign\campaign.core\core\lib\model\WechatUserInfo.js
D:\github\campaign\campaign.core\core\lib\model\WechatUserInfo.js.map
D:\github\campaign\campaign.core\core\lib\model\WechatUserInfo.d.ts
D:\github\campaign\campaign.core\core\lib\model\models.js
D:\github\campaign\campaign.core\core\lib\model\models.js.map
D:\github\campaign\campaign.core\core\lib\model\models.d.ts
D:\github\campaign\campaign.core\core\lib\variables.js
D:\github\campaign\campaign.core\core\lib\variables.js.map
D:\github\campaign\campaign.core\core\lib\variables.d.ts
D:\github\campaign\campaign.core\core\lib\api\CampaignCoreApi.js
D:\github\campaign\campaign.core\core\lib\api\CampaignCoreApi.js.map
D:\github\campaign\campaign.core\core\lib\api\CampaignCoreApi.d.ts
D:\github\campaign\campaign.core\core\lib\api\api.js
D:\github\campaign\campaign.core\core\lib\api\api.js.map
D:\github\campaign\campaign.core\core\lib\api\api.d.ts
D:\github\campaign\campaign.core\core\lib\index.js
D:\github\campaign\campaign.core\core\lib\index.js.map
D:\github\campaign\campaign.core\core\lib\index.d.ts
D:\github\campaign\campaign.core\core\lib\configuration.js
D:\github\campaign\campaign.core\core\lib\configuration.js.map
D:\github\campaign\campaign.core\core\lib\configuration.d.ts
D:\github\campaign\campaign.core\core\lib\model\BoolResult.js
D:\github\campaign\campaign.core\core\lib\model\BoolResult.js.map
D:\github\campaign\campaign.core\core\lib\model\BoolResult.d.ts
D:\github\campaign\campaign.core\core\lib\model\CommentModel.js
D:\github\campaign\campaign.core\core\lib\model\CommentModel.js.map
D:\github\campaign\campaign.core\core\lib\model\CommentModel.d.ts
D:\github\campaign\campaign.core\core\lib\model\FaceComparison.js
D:\github\campaign\campaign.core\core\lib\model\FaceComparison.js.map
D:\github\campaign\campaign.core\core\lib\model\FaceComparison.d.ts
D:\github\campaign\campaign.core\core\lib\model\GeneralRankingModel.js
D:\github\campaign\campaign.core\core\lib\model\GeneralRankingModel.js.map
D:\github\campaign\campaign.core\core\lib\model\GeneralRankingModel.d.ts
D:\github\campaign\campaign.core\core\lib\model\IntResult.js
D:\github\campaign\campaign.core\core\lib\model\IntResult.js.map
D:\github\campaign\campaign.core\core\lib\model\IntResult.d.ts
D:\github\campaign\campaign.core\core\lib\model\PagingResultCommentModel.js
D:\github\campaign\campaign.core\core\lib\model\PagingResultCommentModel.js.map
D:\github\campaign\campaign.core\core\lib\model\PagingResultCommentModel.d.ts
D:\github\campaign\campaign.core\core\lib\model\PagingResultFaceComparison.js
D:\github\campaign\campaign.core\core\lib\model\PagingResultFaceComparison.js.map
D:\github\campaign\campaign.core\core\lib\model\PagingResultFaceComparison.d.ts
D:\github\campaign\campaign.core\core\lib\model\PagingResultGeneralRankingModel.js
D:\github\campaign\campaign.core\core\lib\model\PagingResultGeneralRankingModel.js.map
D:\github\campaign\campaign.core\core\lib\model\PagingResultGeneralRankingModel.d.ts
D:\github\campaign\campaign.core\core\lib\model\StatisticDataEntity.js
D:\github\campaign\campaign.core\core\lib\model\StatisticDataEntity.js.map
D:\github\campaign\campaign.core\core\lib\model\StatisticDataEntity.d.ts
D:\github\campaign\campaign.core\core\lib\model\WechatCustomShare.js
D:\github\campaign\campaign.core\core\lib\model\WechatCustomShare.js.map
D:\github\campaign\campaign.core\core\lib\model\WechatCustomShare.d.ts
D:\github\campaign\campaign.core\core\lib\model\WechatUserInfo.js
D:\github\campaign\campaign.core\core\lib\model\WechatUserInfo.js.map
D:\github\campaign\campaign.core\core\lib\model\WechatUserInfo.d.ts
D:\github\campaign\campaign.core\core\lib\model\models.js
D:\github\campaign\campaign.core\core\lib\model\models.js.map
D:\github\campaign\campaign.core\core\lib\model\models.d.ts
D:\github\campaign\campaign.core\core\lib\variables.js
D:\github\campaign\campaign.core\core\lib\variables.js.map
D:\github\campaign\campaign.core\core\lib\variables.d.ts
D:\github\campaign\campaign.core\core\lib\api\CampaignCoreApi.js
D:\github\campaign\campaign.core\core\lib\api\CampaignCoreApi.js.map
D:\github\campaign\campaign.core\core\lib\api\CampaignCoreApi.d.ts
D:\github\campaign\campaign.core\core\lib\api\api.js
D:\github\campaign\campaign.core\core\lib\api\api.js.map
D:\github\campaign\campaign.core\core\lib\api\api.d.ts
D:\github\campaign\campaign.core\core\lib\index.js
D:\github\campaign\campaign.core\core\lib\index.js.map
D:\github\campaign\campaign.core\core\lib\index.d.ts
D:\github\campaign\campaign.core\core\lib\configuration.js
D:\github\campaign\campaign.core\core\lib\configuration.js.map
D:\github\campaign\campaign.core\core\lib\configuration.d.ts
D:\github\campaign\campaign.core\core\lib\model\BoolResult.js
D:\github\campaign\campaign.core\core\lib\model\BoolResult.js.map
D:\github\campaign\campaign.core\core\lib\model\BoolResult.d.ts
D:\github\campaign\campaign.core\core\lib\model\CommentModel.js
D:\github\campaign\campaign.core\core\lib\model\CommentModel.js.map
D:\github\campaign\campaign.core\core\lib\model\CommentModel.d.ts
D:\github\campaign\campaign.core\core\lib\model\FaceComparison.js
D:\github\campaign\campaign.core\core\lib\model\FaceComparison.js.map
D:\github\campaign\campaign.core\core\lib\model\FaceComparison.d.ts
D:\github\campaign\campaign.core\core\lib\model\GeneralRankingModel.js
D:\github\campaign\campaign.core\core\lib\model\GeneralRankingModel.js.map
D:\github\campaign\campaign.core\core\lib\model\GeneralRankingModel.d.ts
D:\github\campaign\campaign.core\core\lib\model\IntResult.js
D:\github\campaign\campaign.core\core\lib\model\IntResult.js.map
D:\github\campaign\campaign.core\core\lib\model\IntResult.d.ts
D:\github\campaign\campaign.core\core\lib\model\PagingResultCommentModel.js
D:\github\campaign\campaign.core\core\lib\model\PagingResultCommentModel.js.map
D:\github\campaign\campaign.core\core\lib\model\PagingResultCommentModel.d.ts
D:\github\campaign\campaign.core\core\lib\model\PagingResultFaceComparison.js
D:\github\campaign\campaign.core\core\lib\model\PagingResultFaceComparison.js.map
D:\github\campaign\campaign.core\core\lib\model\PagingResultFaceComparison.d.ts
D:\github\campaign\campaign.core\core\lib\model\PagingResultGeneralRankingModel.js
D:\github\campaign\campaign.core\core\lib\model\PagingResultGeneralRankingModel.js.map
D:\github\campaign\campaign.core\core\lib\model\PagingResultGeneralRankingModel.d.ts
D:\github\campaign\campaign.core\core\lib\model\StatisticDataEntity.js
D:\github\campaign\campaign.core\core\lib\model\StatisticDataEntity.js.map
D:\github\campaign\campaign.core\core\lib\model\StatisticDataEntity.d.ts
D:\github\campaign\campaign.core\core\lib\model\WechatCustomShare.js
D:\github\campaign\campaign.core\core\lib\model\WechatCustomShare.js.map
D:\github\campaign\campaign.core\core\lib\model\WechatCustomShare.d.ts
D:\github\campaign\campaign.core\core\lib\model\WechatUserInfo.js
D:\github\campaign\campaign.core\core\lib\model\WechatUserInfo.js.map
D:\github\campaign\campaign.core\core\lib\model\WechatUserInfo.d.ts
D:\github\campaign\campaign.core\core\lib\model\models.js
D:\github\campaign\campaign.core\core\lib\model\models.js.map
D:\github\campaign\campaign.core\core\lib\model\models.d.ts
D:\github\campaign\campaign.core\core\lib\variables.js
D:\github\campaign\campaign.core\core\lib\variables.js.map
D:\github\campaign\campaign.core\core\lib\variables.d.ts
D:\github\campaign\campaign.core\core\lib\api\CampaignCoreApi.js
D:\github\campaign\campaign.core\core\lib\api\CampaignCoreApi.js.map
D:\github\campaign\campaign.core\core\lib\api\CampaignCoreApi.d.ts
D:\github\campaign\campaign.core\core\lib\api\api.js
D:\github\campaign\campaign.core\core\lib\api\api.js.map
D:\github\campaign\campaign.core\core\lib\api\api.d.ts
D:\github\campaign\campaign.core\core\lib\index.js
D:\github\campaign\campaign.core\core\lib\index.js.map
D:\github\campaign\campaign.core\core\lib\index.d.ts
D:\github\campaign\campaign.core\core\lib\configuration.js
D:\github\campaign\campaign.core\core\lib\configuration.js.map
D:\github\campaign\campaign.core\core\lib\configuration.d.ts
D:\github\campaign\campaign.core\core\lib\model\BoolResult.js
D:\github\campaign\campaign.core\core\lib\model\BoolResult.js.map
D:\github\campaign\campaign.core\core\lib\model\BoolResult.d.ts
D:\github\campaign\campaign.core\core\lib\model\CommentModel.js
D:\github\campaign\campaign.core\core\lib\model\CommentModel.js.map
D:\github\campaign\campaign.core\core\lib\model\CommentModel.d.ts
D:\github\campaign\campaign.core\core\lib\model\FaceComparison.js
D:\github\campaign\campaign.core\core\lib\model\FaceComparison.js.map
D:\github\campaign\campaign.core\core\lib\model\FaceComparison.d.ts
D:\github\campaign\campaign.core\core\lib\model\GeneralRankingModel.js
D:\github\campaign\campaign.core\core\lib\model\GeneralRankingModel.js.map
D:\github\campaign\campaign.core\core\lib\model\GeneralRankingModel.d.ts
D:\github\campaign\campaign.core\core\lib\model\IntResult.js
D:\github\campaign\campaign.core\core\lib\model\IntResult.js.map
D:\github\campaign\campaign.core\core\lib\model\IntResult.d.ts
D:\github\campaign\campaign.core\core\lib\model\PagingResultCommentModel.js
D:\github\campaign\campaign.core\core\lib\model\PagingResultCommentModel.js.map
D:\github\campaign\campaign.core\core\lib\model\PagingResultCommentModel.d.ts
D:\github\campaign\campaign.core\core\lib\model\PagingResultFaceComparison.js
D:\github\campaign\campaign.core\core\lib\model\PagingResultFaceComparison.js.map
D:\github\campaign\campaign.core\core\lib\model\PagingResultFaceComparison.d.ts
D:\github\campaign\campaign.core\core\lib\model\PagingResultGeneralRankingModel.js
D:\github\campaign\campaign.core\core\lib\model\PagingResultGeneralRankingModel.js.map
D:\github\campaign\campaign.core\core\lib\model\PagingResultGeneralRankingModel.d.ts
D:\github\campaign\campaign.core\core\lib\model\StatisticDataEntity.js
D:\github\campaign\campaign.core\core\lib\model\StatisticDataEntity.js.map
D:\github\campaign\campaign.core\core\lib\model\StatisticDataEntity.d.ts
D:\github\campaign\campaign.core\core\lib\model\WechatCustomShare.js
D:\github\campaign\campaign.core\core\lib\model\WechatCustomShare.js.map
D:\github\campaign\campaign.core\core\lib\model\WechatCustomShare.d.ts
D:\github\campaign\campaign.core\core\lib\model\WechatUserInfo.js
D:\github\campaign\campaign.core\core\lib\model\WechatUserInfo.js.map
D:\github\campaign\campaign.core\core\lib\model\WechatUserInfo.d.ts
D:\github\campaign\campaign.core\core\lib\model\models.js
D:\github\campaign\campaign.core\core\lib\model\models.js.map
D:\github\campaign\campaign.core\core\lib\model\models.d.ts
D:\github\campaign\campaign.core\core\lib\variables.js
D:\github\campaign\campaign.core\core\lib\variables.js.map
D:\github\campaign\campaign.core\core\lib\variables.d.ts
D:\github\campaign\campaign.core\core\lib\api\CampaignCoreApi.js
D:\github\campaign\campaign.core\core\lib\api\CampaignCoreApi.js.map
D:\github\campaign\campaign.core\core\lib\api\CampaignCoreApi.d.ts
D:\github\campaign\campaign.core\core\lib\api\api.js
D:\github\campaign\campaign.core\core\lib\api\api.js.map
D:\github\campaign\campaign.core\core\lib\api\api.d.ts
D:\github\campaign\campaign.core\core\lib\index.js
D:\github\campaign\campaign.core\core\lib\index.js.map
D:\github\campaign\campaign.core\core\lib\index.d.ts
D:\github\campaign\campaign.core\core\lib\configuration.js
D:\github\campaign\campaign.core\core\lib\configuration.js.map
D:\github\campaign\campaign.core\core\lib\configuration.d.ts
D:\github\campaign\campaign.core\core\lib\model\BoolResult.js
D:\github\campaign\campaign.core\core\lib\model\BoolResult.js.map
D:\github\campaign\campaign.core\core\lib\model\BoolResult.d.ts
D:\github\campaign\campaign.core\core\lib\model\CommentModel.js
D:\github\campaign\campaign.core\core\lib\model\CommentModel.js.map
D:\github\campaign\campaign.core\core\lib\model\CommentModel.d.ts
D:\github\campaign\campaign.core\core\lib\model\FaceComparison.js
D:\github\campaign\campaign.core\core\lib\model\FaceComparison.js.map
D:\github\campaign\campaign.core\core\lib\model\FaceComparison.d.ts
D:\github\campaign\campaign.core\core\lib\model\GeneralRankingModel.js
D:\github\campaign\campaign.core\core\lib\model\GeneralRankingModel.js.map
D:\github\campaign\campaign.core\core\lib\model\GeneralRankingModel.d.ts
D:\github\campaign\campaign.core\core\lib\model\IntResult.js
D:\github\campaign\campaign.core\core\lib\model\IntResult.js.map
D:\github\campaign\campaign.core\core\lib\model\IntResult.d.ts
D:\github\campaign\campaign.core\core\lib\model\PagingResultCommentModel.js
D:\github\campaign\campaign.core\core\lib\model\PagingResultCommentModel.js.map
D:\github\campaign\campaign.core\core\lib\model\PagingResultCommentModel.d.ts
D:\github\campaign\campaign.core\core\lib\model\PagingResultFaceComparison.js
D:\github\campaign\campaign.core\core\lib\model\PagingResultFaceComparison.js.map
D:\github\campaign\campaign.core\core\lib\model\PagingResultFaceComparison.d.ts
D:\github\campaign\campaign.core\core\lib\model\PagingResultGeneralRankingModel.js
D:\github\campaign\campaign.core\core\lib\model\PagingResultGeneralRankingModel.js.map
D:\github\campaign\campaign.core\core\lib\model\PagingResultGeneralRankingModel.d.ts
D:\github\campaign\campaign.core\core\lib\model\StatisticDataEntity.js
D:\github\campaign\campaign.core\core\lib\model\StatisticDataEntity.js.map
D:\github\campaign\campaign.core\core\lib\model\StatisticDataEntity.d.ts
D:\github\campaign\campaign.core\core\lib\model\WechatCustomShare.js
D:\github\campaign\campaign.core\core\lib\model\WechatCustomShare.js.map
D:\github\campaign\campaign.core\core\lib\model\WechatCustomShare.d.ts
D:\github\campaign\campaign.core\core\lib\model\WechatUserInfo.js
D:\github\campaign\campaign.core\core\lib\model\WechatUserInfo.js.map
D:\github\campaign\campaign.core\core\lib\model\WechatUserInfo.d.ts
D:\github\campaign\campaign.core\core\lib\model\models.js
D:\github\campaign\campaign.core\core\lib\model\models.js.map
D:\github\campaign\campaign.core\core\lib\model\models.d.ts
D:\github\campaign\campaign.core\core\lib\variables.js
D:\github\campaign\campaign.core\core\lib\variables.js.map
D:\github\campaign\campaign.core\core\lib\variables.d.ts
D:\github\campaign\campaign.core\core\lib\api\CampaignCoreApi.js
D:\github\campaign\campaign.core\core\lib\api\CampaignCoreApi.js.map
D:\github\campaign\campaign.core\core\lib\api\CampaignCoreApi.d.ts
D:\github\campaign\campaign.core\core\lib\api\api.js
D:\github\campaign\campaign.core\core\lib\api\api.js.map
D:\github\campaign\campaign.core\core\lib\api\api.d.ts
D:\github\campaign\campaign.core\core\lib\index.js
D:\github\campaign\campaign.core\core\lib\index.js.map
D:\github\campaign\campaign.core\core\lib\index.d.ts
D:\github\campaign\campaign.core\core\lib\configuration.js
D:\github\campaign\campaign.core\core\lib\configuration.js.map
D:\github\campaign\campaign.core\core\lib\configuration.d.ts
D:\github\campaign\campaign.core\core\lib\model\BoolResult.js
D:\github\campaign\campaign.core\core\lib\model\BoolResult.js.map
D:\github\campaign\campaign.core\core\lib\model\BoolResult.d.ts
D:\github\campaign\campaign.core\core\lib\model\CommentModel.js
D:\github\campaign\campaign.core\core\lib\model\CommentModel.js.map
D:\github\campaign\campaign.core\core\lib\model\CommentModel.d.ts
D:\github\campaign\campaign.core\core\lib\model\FaceComparison.js
D:\github\campaign\campaign.core\core\lib\model\FaceComparison.js.map
D:\github\campaign\campaign.core\core\lib\model\FaceComparison.d.ts
D:\github\campaign\campaign.core\core\lib\model\GeneralRankingModel.js
D:\github\campaign\campaign.core\core\lib\model\GeneralRankingModel.js.map
D:\github\campaign\campaign.core\core\lib\model\GeneralRankingModel.d.ts
D:\github\campaign\campaign.core\core\lib\model\IntResult.js
D:\github\campaign\campaign.core\core\lib\model\IntResult.js.map
D:\github\campaign\campaign.core\core\lib\model\IntResult.d.ts
D:\github\campaign\campaign.core\core\lib\model\PagingResultCommentModel.js
D:\github\campaign\campaign.core\core\lib\model\PagingResultCommentModel.js.map
D:\github\campaign\campaign.core\core\lib\model\PagingResultCommentModel.d.ts
D:\github\campaign\campaign.core\core\lib\model\PagingResultFaceComparison.js
D:\github\campaign\campaign.core\core\lib\model\PagingResultFaceComparison.js.map
D:\github\campaign\campaign.core\core\lib\model\PagingResultFaceComparison.d.ts
D:\github\campaign\campaign.core\core\lib\model\PagingResultGeneralRankingModel.js
D:\github\campaign\campaign.core\core\lib\model\PagingResultGeneralRankingModel.js.map
D:\github\campaign\campaign.core\core\lib\model\PagingResultGeneralRankingModel.d.ts
D:\github\campaign\campaign.core\core\lib\model\StatisticDataEntity.js
D:\github\campaign\campaign.core\core\lib\model\StatisticDataEntity.js.map
D:\github\campaign\campaign.core\core\lib\model\StatisticDataEntity.d.ts
D:\github\campaign\campaign.core\core\lib\model\WechatCustomShare.js
D:\github\campaign\campaign.core\core\lib\model\WechatCustomShare.js.map
D:\github\campaign\campaign.core\core\lib\model\WechatCustomShare.d.ts
D:\github\campaign\campaign.core\core\lib\model\WechatUserInfo.js
D:\github\campaign\campaign.core\core\lib\model\WechatUserInfo.js.map
D:\github\campaign\campaign.core\core\lib\model\WechatUserInfo.d.ts
D:\github\campaign\campaign.core\core\lib\model\models.js
D:\github\campaign\campaign.core\core\lib\model\models.js.map
D:\github\campaign\campaign.core\core\lib\model\models.d.ts
D:\github\campaign\campaign.core\core\lib\variables.js
D:\github\campaign\campaign.core\core\lib\variables.js.map
D:\github\campaign\campaign.core\core\lib\variables.d.ts
D:\github\campaign\campaign.core\core\lib\api\CampaignCoreApi.js
D:\github\campaign\campaign.core\core\lib\api\CampaignCoreApi.js.map
D:\github\campaign\campaign.core\core\lib\api\CampaignCoreApi.d.ts
D:\github\campaign\campaign.core\core\lib\api\api.js
D:\github\campaign\campaign.core\core\lib\api\api.js.map
D:\github\campaign\campaign.core\core\lib\api\api.d.ts
D:\github\campaign\campaign.core\core\lib\index.js
D:\github\campaign\campaign.core\core\lib\index.js.map
D:\github\campaign\campaign.core\core\lib\index.d.ts
D:\github\campaign\campaign.core\core\lib\configuration.js
D:\github\campaign\campaign.core\core\lib\configuration.js.map
D:\github\campaign\campaign.core\core\lib\configuration.d.ts
D:\github\campaign\campaign.core\core\lib\model\BoolResult.js
D:\github\campaign\campaign.core\core\lib\model\BoolResult.js.map
D:\github\campaign\campaign.core\core\lib\model\BoolResult.d.ts
D:\github\campaign\campaign.core\core\lib\model\CommentModel.js
D:\github\campaign\campaign.core\core\lib\model\CommentModel.js.map
D:\github\campaign\campaign.core\core\lib\model\CommentModel.d.ts
D:\github\campaign\campaign.core\core\lib\model\FaceComparison.js
D:\github\campaign\campaign.core\core\lib\model\FaceComparison.js.map
D:\github\campaign\campaign.core\core\lib\model\FaceComparison.d.ts
D:\github\campaign\campaign.core\core\lib\model\GeneralRankingModel.js
D:\github\campaign\campaign.core\core\lib\model\GeneralRankingModel.js.map
D:\github\campaign\campaign.core\core\lib\model\GeneralRankingModel.d.ts
D:\github\campaign\campaign.core\core\lib\model\IntResult.js
D:\github\campaign\campaign.core\core\lib\model\IntResult.js.map
D:\github\campaign\campaign.core\core\lib\model\IntResult.d.ts
D:\github\campaign\campaign.core\core\lib\model\PagingResultCommentModel.js
D:\github\campaign\campaign.core\core\lib\model\PagingResultCommentModel.js.map
D:\github\campaign\campaign.core\core\lib\model\PagingResultCommentModel.d.ts
D:\github\campaign\campaign.core\core\lib\model\PagingResultFaceComparison.js
D:\github\campaign\campaign.core\core\lib\model\PagingResultFaceComparison.js.map
D:\github\campaign\campaign.core\core\lib\model\PagingResultFaceComparison.d.ts
D:\github\campaign\campaign.core\core\lib\model\PagingResultGeneralRankingModel.js
D:\github\campaign\campaign.core\core\lib\model\PagingResultGeneralRankingModel.js.map
D:\github\campaign\campaign.core\core\lib\model\PagingResultGeneralRankingModel.d.ts
D:\github\campaign\campaign.core\core\lib\model\StatisticDataEntity.js
D:\github\campaign\campaign.core\core\lib\model\StatisticDataEntity.js.map
D:\github\campaign\campaign.core\core\lib\model\StatisticDataEntity.d.ts
D:\github\campaign\campaign.core\core\lib\model\WechatCustomShare.js
D:\github\campaign\campaign.core\core\lib\model\WechatCustomShare.js.map
D:\github\campaign\campaign.core\core\lib\model\WechatCustomShare.d.ts
D:\github\campaign\campaign.core\core\lib\model\WechatUserInfo.js
D:\github\campaign\campaign.core\core\lib\model\WechatUserInfo.js.map
D:\github\campaign\campaign.core\core\lib\model\WechatUserInfo.d.ts
D:\github\campaign\campaign.core\core\lib\model\models.js
D:\github\campaign\campaign.core\core\lib\model\models.js.map
D:\github\campaign\campaign.core\core\lib\model\models.d.ts
D:\github\campaign\campaign.core\core\lib\variables.js
D:\github\campaign\campaign.core\core\lib\variables.js.map
D:\github\campaign\campaign.core\core\lib\variables.d.ts
D:\github\campaign\campaign.core\core\lib\api\CampaignCoreApi.js
D:\github\campaign\campaign.core\core\lib\api\CampaignCoreApi.js.map
D:\github\campaign\campaign.core\core\lib\api\CampaignCoreApi.d.ts
D:\github\campaign\campaign.core\core\lib\api\api.js
D:\github\campaign\campaign.core\core\lib\api\api.js.map
D:\github\campaign\campaign.core\core\lib\api\api.d.ts
D:\github\campaign\campaign.core\core\lib\index.js
D:\github\campaign\campaign.core\core\lib\index.js.map
D:\github\campaign\campaign.core\core\lib\index.d.ts
D:\github\campaign\campaign.core\core\lib\configuration.js
D:\github\campaign\campaign.core\core\lib\configuration.js.map
D:\github\campaign\campaign.core\core\lib\configuration.d.ts
D:\github\campaign\campaign.core\core\lib\model\BoolResult.js
D:\github\campaign\campaign.core\core\lib\model\BoolResult.js.map
D:\github\campaign\campaign.core\core\lib\model\BoolResult.d.ts
D:\github\campaign\campaign.core\core\lib\model\CommentModel.js
D:\github\campaign\campaign.core\core\lib\model\CommentModel.js.map
D:\github\campaign\campaign.core\core\lib\model\CommentModel.d.ts
D:\github\campaign\campaign.core\core\lib\model\FaceComparison.js
D:\github\campaign\campaign.core\core\lib\model\FaceComparison.js.map
D:\github\campaign\campaign.core\core\lib\model\FaceComparison.d.ts
D:\github\campaign\campaign.core\core\lib\model\GeneralRankingModel.js
D:\github\campaign\campaign.core\core\lib\model\GeneralRankingModel.js.map
D:\github\campaign\campaign.core\core\lib\model\GeneralRankingModel.d.ts
D:\github\campaign\campaign.core\core\lib\model\IntResult.js
D:\github\campaign\campaign.core\core\lib\model\IntResult.js.map
D:\github\campaign\campaign.core\core\lib\model\IntResult.d.ts
D:\github\campaign\campaign.core\core\lib\model\PagingResultCommentModel.js
D:\github\campaign\campaign.core\core\lib\model\PagingResultCommentModel.js.map
D:\github\campaign\campaign.core\core\lib\model\PagingResultCommentModel.d.ts
D:\github\campaign\campaign.core\core\lib\model\PagingResultFaceComparison.js
D:\github\campaign\campaign.core\core\lib\model\PagingResultFaceComparison.js.map
D:\github\campaign\campaign.core\core\lib\model\PagingResultFaceComparison.d.ts
D:\github\campaign\campaign.core\core\lib\model\PagingResultGeneralRankingModel.js
D:\github\campaign\campaign.core\core\lib\model\PagingResultGeneralRankingModel.js.map
D:\github\campaign\campaign.core\core\lib\model\PagingResultGeneralRankingModel.d.ts
D:\github\campaign\campaign.core\core\lib\model\StatisticDataEntity.js
D:\github\campaign\campaign.core\core\lib\model\StatisticDataEntity.js.map
D:\github\campaign\campaign.core\core\lib\model\StatisticDataEntity.d.ts
D:\github\campaign\campaign.core\core\lib\model\WechatCustomShare.js
D:\github\campaign\campaign.core\core\lib\model\WechatCustomShare.js.map
D:\github\campaign\campaign.core\core\lib\model\WechatCustomShare.d.ts
D:\github\campaign\campaign.core\core\lib\model\WechatUserInfo.js
D:\github\campaign\campaign.core\core\lib\model\WechatUserInfo.js.map
D:\github\campaign\campaign.core\core\lib\model\WechatUserInfo.d.ts
D:\github\campaign\campaign.core\core\lib\model\models.js
D:\github\campaign\campaign.core\core\lib\model\models.js.map
D:\github\campaign\campaign.core\core\lib\model\models.d.ts
D:\github\campaign\campaign.core\core\lib\variables.js
D:\github\campaign\campaign.core\core\lib\variables.js.map
D:\github\campaign\campaign.core\core\lib\variables.d.ts
D:\github\campaign\campaign.core\core\lib\api\CampaignCoreApi.js
D:\github\campaign\campaign.core\core\lib\api\CampaignCoreApi.js.map
D:\github\campaign\campaign.core\core\lib\api\CampaignCoreApi.d.ts
D:\github\campaign\campaign.core\core\lib\api\api.js
D:\github\campaign\campaign.core\core\lib\api\api.js.map
D:\github\campaign\campaign.core\core\lib\api\api.d.ts
D:\github\campaign\campaign.core\core\lib\index.js
D:\github\campaign\campaign.core\core\lib\index.js.map
D:\github\campaign\campaign.core\core\lib\index.d.ts
D:\github\campaign\campaign.core\core\lib\configuration.js
D:\github\campaign\campaign.core\core\lib\configuration.js.map
D:\github\campaign\campaign.core\core\lib\configuration.d.ts
D:\github\campaign\campaign.core\core\lib\model\BoolResult.js
D:\github\campaign\campaign.core\core\lib\model\BoolResult.js.map
D:\github\campaign\campaign.core\core\lib\model\BoolResult.d.ts
D:\github\campaign\campaign.core\core\lib\model\CommentModel.js
D:\github\campaign\campaign.core\core\lib\model\CommentModel.js.map
D:\github\campaign\campaign.core\core\lib\model\CommentModel.d.ts
D:\github\campaign\campaign.core\core\lib\model\FaceComparison.js
D:\github\campaign\campaign.core\core\lib\model\FaceComparison.js.map
D:\github\campaign\campaign.core\core\lib\model\FaceComparison.d.ts
D:\github\campaign\campaign.core\core\lib\model\GeneralRankingModel.js
D:\github\campaign\campaign.core\core\lib\model\GeneralRankingModel.js.map
D:\github\campaign\campaign.core\core\lib\model\GeneralRankingModel.d.ts
D:\github\campaign\campaign.core\core\lib\model\IntResult.js
D:\github\campaign\campaign.core\core\lib\model\IntResult.js.map
D:\github\campaign\campaign.core\core\lib\model\IntResult.d.ts
D:\github\campaign\campaign.core\core\lib\model\PagingResultCommentModel.js
D:\github\campaign\campaign.core\core\lib\model\PagingResultCommentModel.js.map
D:\github\campaign\campaign.core\core\lib\model\PagingResultCommentModel.d.ts
D:\github\campaign\campaign.core\core\lib\model\PagingResultFaceComparison.js
D:\github\campaign\campaign.core\core\lib\model\PagingResultFaceComparison.js.map
D:\github\campaign\campaign.core\core\lib\model\PagingResultFaceComparison.d.ts
D:\github\campaign\campaign.core\core\lib\model\PagingResultGeneralRankingModel.js
D:\github\campaign\campaign.core\core\lib\model\PagingResultGeneralRankingModel.js.map
D:\github\campaign\campaign.core\core\lib\model\PagingResultGeneralRankingModel.d.ts
D:\github\campaign\campaign.core\core\lib\model\StatisticDataEntity.js
D:\github\campaign\campaign.core\core\lib\model\StatisticDataEntity.js.map
D:\github\campaign\campaign.core\core\lib\model\StatisticDataEntity.d.ts
D:\github\campaign\campaign.core\core\lib\model\WechatCustomShare.js
D:\github\campaign\campaign.core\core\lib\model\WechatCustomShare.js.map
D:\github\campaign\campaign.core\core\lib\model\WechatCustomShare.d.ts
D:\github\campaign\campaign.core\core\lib\model\WechatUserInfo.js
D:\github\campaign\campaign.core\core\lib\model\WechatUserInfo.js.map
D:\github\campaign\campaign.core\core\lib\model\WechatUserInfo.d.ts
D:\github\campaign\campaign.core\core\lib\model\models.js
D:\github\campaign\campaign.core\core\lib\model\models.js.map
D:\github\campaign\campaign.core\core\lib\model\models.d.ts
D:\github\campaign\campaign.core\core\lib\variables.js
D:\github\campaign\campaign.core\core\lib\variables.js.map
D:\github\campaign\campaign.core\core\lib\variables.d.ts
D:\github\campaign\campaign.core\core\lib\api\CampaignCoreApi.js
D:\github\campaign\campaign.core\core\lib\api\CampaignCoreApi.js.map
D:\github\campaign\campaign.core\core\lib\api\CampaignCoreApi.d.ts
D:\github\campaign\campaign.core\core\lib\api\api.js
D:\github\campaign\campaign.core\core\lib\api\api.js.map
D:\github\campaign\campaign.core\core\lib\api\api.d.ts
D:\github\campaign\campaign.core\core\lib\index.js
D:\github\campaign\campaign.core\core\lib\index.js.map
D:\github\campaign\campaign.core\core\lib\index.d.ts
D:\github\campaign\campaign.core\core\lib\configuration.js
D:\github\campaign\campaign.core\core\lib\configuration.js.map
D:\github\campaign\campaign.core\core\lib\configuration.d.ts
D:\github\campaign\campaign.core\core\lib\model\BoolResult.js
D:\github\campaign\campaign.core\core\lib\model\BoolResult.js.map
D:\github\campaign\campaign.core\core\lib\model\BoolResult.d.ts
D:\github\campaign\campaign.core\core\lib\model\CommentModel.js
D:\github\campaign\campaign.core\core\lib\model\CommentModel.js.map
D:\github\campaign\campaign.core\core\lib\model\CommentModel.d.ts
D:\github\campaign\campaign.core\core\lib\model\FaceComparison.js
D:\github\campaign\campaign.core\core\lib\model\FaceComparison.js.map
D:\github\campaign\campaign.core\core\lib\model\FaceComparison.d.ts
D:\github\campaign\campaign.core\core\lib\model\GeneralRankingModel.js
D:\github\campaign\campaign.core\core\lib\model\GeneralRankingModel.js.map
D:\github\campaign\campaign.core\core\lib\model\GeneralRankingModel.d.ts
D:\github\campaign\campaign.core\core\lib\model\IntResult.js
D:\github\campaign\campaign.core\core\lib\model\IntResult.js.map
D:\github\campaign\campaign.core\core\lib\model\IntResult.d.ts
D:\github\campaign\campaign.core\core\lib\model\PagingResultCommentModel.js
D:\github\campaign\campaign.core\core\lib\model\PagingResultCommentModel.js.map
D:\github\campaign\campaign.core\core\lib\model\PagingResultCommentModel.d.ts
D:\github\campaign\campaign.core\core\lib\model\PagingResultFaceComparison.js
D:\github\campaign\campaign.core\core\lib\model\PagingResultFaceComparison.js.map
D:\github\campaign\campaign.core\core\lib\model\PagingResultFaceComparison.d.ts
D:\github\campaign\campaign.core\core\lib\model\PagingResultGeneralRankingModel.js
D:\github\campaign\campaign.core\core\lib\model\PagingResultGeneralRankingModel.js.map
D:\github\campaign\campaign.core\core\lib\model\PagingResultGeneralRankingModel.d.ts
D:\github\campaign\campaign.core\core\lib\model\StatisticDataEntity.js
D:\github\campaign\campaign.core\core\lib\model\StatisticDataEntity.js.map
D:\github\campaign\campaign.core\core\lib\model\StatisticDataEntity.d.ts
D:\github\campaign\campaign.core\core\lib\model\WechatCustomShare.js
D:\github\campaign\campaign.core\core\lib\model\WechatCustomShare.js.map
D:\github\campaign\campaign.core\core\lib\model\WechatCustomShare.d.ts
D:\github\campaign\campaign.core\core\lib\model\WechatUserInfo.js
D:\github\campaign\campaign.core\core\lib\model\WechatUserInfo.js.map
D:\github\campaign\campaign.core\core\lib\model\WechatUserInfo.d.ts
D:\github\campaign\campaign.core\core\lib\model\models.js
D:\github\campaign\campaign.core\core\lib\model\models.js.map
D:\github\campaign\campaign.core\core\lib\model\models.d.ts
D:\github\campaign\campaign.core\core\lib\variables.js
D:\github\campaign\campaign.core\core\lib\variables.js.map
D:\github\campaign\campaign.core\core\lib\variables.d.ts
D:\github\campaign\campaign.core\core\lib\api\CampaignCoreApi.js
D:\github\campaign\campaign.core\core\lib\api\CampaignCoreApi.js.map
D:\github\campaign\campaign.core\core\lib\api\CampaignCoreApi.d.ts
D:\github\campaign\campaign.core\core\lib\api\api.js
D:\github\campaign\campaign.core\core\lib\api\api.js.map
D:\github\campaign\campaign.core\core\lib\api\api.d.ts
D:\github\campaign\campaign.core\core\lib\index.js
D:\github\campaign\campaign.core\core\lib\index.js.map
D:\github\campaign\campaign.core\core\lib\index.d.ts
D:\github\campaign\campaign.core\core\lib\configuration.js
D:\github\campaign\campaign.core\core\lib\configuration.js.map
D:\github\campaign\campaign.core\core\lib\configuration.d.ts
D:\github\campaign\campaign.core\core\lib\model\BoolResult.js
D:\github\campaign\campaign.core\core\lib\model\BoolResult.js.map
D:\github\campaign\campaign.core\core\lib\model\BoolResult.d.ts
D:\github\campaign\campaign.core\core\lib\model\CommentModel.js
D:\github\campaign\campaign.core\core\lib\model\CommentModel.js.map
D:\github\campaign\campaign.core\core\lib\model\CommentModel.d.ts
D:\github\campaign\campaign.core\core\lib\model\FaceComparison.js
D:\github\campaign\campaign.core\core\lib\model\FaceComparison.js.map
D:\github\campaign\campaign.core\core\lib\model\FaceComparison.d.ts
D:\github\campaign\campaign.core\core\lib\model\GeneralRankingModel.js
D:\github\campaign\campaign.core\core\lib\model\GeneralRankingModel.js.map
D:\github\campaign\campaign.core\core\lib\model\GeneralRankingModel.d.ts
D:\github\campaign\campaign.core\core\lib\model\IntResult.js
D:\github\campaign\campaign.core\core\lib\model\IntResult.js.map
D:\github\campaign\campaign.core\core\lib\model\IntResult.d.ts
D:\github\campaign\campaign.core\core\lib\model\PagingResultCommentModel.js
D:\github\campaign\campaign.core\core\lib\model\PagingResultCommentModel.js.map
D:\github\campaign\campaign.core\core\lib\model\PagingResultCommentModel.d.ts
D:\github\campaign\campaign.core\core\lib\model\PagingResultFaceComparison.js
D:\github\campaign\campaign.core\core\lib\model\PagingResultFaceComparison.js.map
D:\github\campaign\campaign.core\core\lib\model\PagingResultFaceComparison.d.ts
D:\github\campaign\campaign.core\core\lib\model\PagingResultGeneralRankingModel.js
D:\github\campaign\campaign.core\core\lib\model\PagingResultGeneralRankingModel.js.map
D:\github\campaign\campaign.core\core\lib\model\PagingResultGeneralRankingModel.d.ts
D:\github\campaign\campaign.core\core\lib\model\StatisticDataEntity.js
D:\github\campaign\campaign.core\core\lib\model\StatisticDataEntity.js.map
D:\github\campaign\campaign.core\core\lib\model\StatisticDataEntity.d.ts
D:\github\campaign\campaign.core\core\lib\model\WechatCustomShare.js
D:\github\campaign\campaign.core\core\lib\model\WechatCustomShare.js.map
D:\github\campaign\campaign.core\core\lib\model\WechatCustomShare.d.ts
D:\github\campaign\campaign.core\core\lib\model\WechatUserInfo.js
D:\github\campaign\campaign.core\core\lib\model\WechatUserInfo.js.map
D:\github\campaign\campaign.core\core\lib\model\WechatUserInfo.d.ts
D:\github\campaign\campaign.core\core\lib\model\models.js
D:\github\campaign\campaign.core\core\lib\model\models.js.map
D:\github\campaign\campaign.core\core\lib\model\models.d.ts
D:\github\campaign\campaign.core\core\lib\variables.js
D:\github\campaign\campaign.core\core\lib\variables.js.map
D:\github\campaign\campaign.core\core\lib\variables.d.ts
D:\github\campaign\campaign.core\core\lib\api\CampaignCoreApi.js
D:\github\campaign\campaign.core\core\lib\api\CampaignCoreApi.js.map
D:\github\campaign\campaign.core\core\lib\api\CampaignCoreApi.d.ts
D:\github\campaign\campaign.core\core\lib\api\api.js
D:\github\campaign\campaign.core\core\lib\api\api.js.map
D:\github\campaign\campaign.core\core\lib\api\api.d.ts
D:\github\campaign\campaign.core\core\lib\index.js
D:\github\campaign\campaign.core\core\lib\index.js.map
D:\github\campaign\campaign.core\core\lib\index.d.ts
D:\github\campaign\campaign.core\core\lib\configuration.js
D:\github\campaign\campaign.core\core\lib\configuration.js.map
D:\github\campaign\campaign.core\core\lib\configuration.d.ts
D:\github\campaign\campaign.core\core\lib\model\BoolResult.js
D:\github\campaign\campaign.core\core\lib\model\BoolResult.js.map
D:\github\campaign\campaign.core\core\lib\model\BoolResult.d.ts
D:\github\campaign\campaign.core\core\lib\model\CommentModel.js
D:\github\campaign\campaign.core\core\lib\model\CommentModel.js.map
D:\github\campaign\campaign.core\core\lib\model\CommentModel.d.ts
D:\github\campaign\campaign.core\core\lib\model\FaceComparison.js
D:\github\campaign\campaign.core\core\lib\model\FaceComparison.js.map
D:\github\campaign\campaign.core\core\lib\model\FaceComparison.d.ts
D:\github\campaign\campaign.core\core\lib\model\GeneralRankingModel.js
D:\github\campaign\campaign.core\core\lib\model\GeneralRankingModel.js.map
D:\github\campaign\campaign.core\core\lib\model\GeneralRankingModel.d.ts
D:\github\campaign\campaign.core\core\lib\model\IntResult.js
D:\github\campaign\campaign.core\core\lib\model\IntResult.js.map
D:\github\campaign\campaign.core\core\lib\model\IntResult.d.ts
D:\github\campaign\campaign.core\core\lib\model\PagingResultCommentModel.js
D:\github\campaign\campaign.core\core\lib\model\PagingResultCommentModel.js.map
D:\github\campaign\campaign.core\core\lib\model\PagingResultCommentModel.d.ts
D:\github\campaign\campaign.core\core\lib\model\PagingResultFaceComparison.js
D:\github\campaign\campaign.core\core\lib\model\PagingResultFaceComparison.js.map
D:\github\campaign\campaign.core\core\lib\model\PagingResultFaceComparison.d.ts
D:\github\campaign\campaign.core\core\lib\model\PagingResultGeneralRankingModel.js
D:\github\campaign\campaign.core\core\lib\model\PagingResultGeneralRankingModel.js.map
D:\github\campaign\campaign.core\core\lib\model\PagingResultGeneralRankingModel.d.ts
D:\github\campaign\campaign.core\core\lib\model\StatisticDataEntity.js
D:\github\campaign\campaign.core\core\lib\model\StatisticDataEntity.js.map
D:\github\campaign\campaign.core\core\lib\model\StatisticDataEntity.d.ts
D:\github\campaign\campaign.core\core\lib\model\WechatCustomShare.js
D:\github\campaign\campaign.core\core\lib\model\WechatCustomShare.js.map
D:\github\campaign\campaign.core\core\lib\model\WechatCustomShare.d.ts
D:\github\campaign\campaign.core\core\lib\model\WechatUserInfo.js
D:\github\campaign\campaign.core\core\lib\model\WechatUserInfo.js.map
D:\github\campaign\campaign.core\core\lib\model\WechatUserInfo.d.ts
D:\github\campaign\campaign.core\core\lib\model\models.js
D:\github\campaign\campaign.core\core\lib\model\models.js.map
D:\github\campaign\campaign.core\core\lib\model\models.d.ts
D:\github\campaign\campaign.core\core\lib\variables.js
D:\github\campaign\campaign.core\core\lib\variables.js.map
D:\github\campaign\campaign.core\core\lib\variables.d.ts
D:\github\campaign\campaign.core\core\lib\api\CampaignCoreApi.js
D:\github\campaign\campaign.core\core\lib\api\CampaignCoreApi.js.map
D:\github\campaign\campaign.core\core\lib\api\CampaignCoreApi.d.ts
D:\github\campaign\campaign.core\core\lib\api\api.js
D:\github\campaign\campaign.core\core\lib\api\api.js.map
D:\github\campaign\campaign.core\core\lib\api\api.d.ts
D:\github\campaign\campaign.core\core\lib\index.js
D:\github\campaign\campaign.core\core\lib\index.js.map
D:\github\campaign\campaign.core\core\lib\index.d.ts
